<?xml version="1.0" encoding="UTF-8"?>
<!-- Generated by org.testng.reporters.JUnitXMLReporter -->
<testsuite ignored="2" hostname="LAPTOP-6I2ERQM6" failures="0" tests="1" name="Default test" time="0.057" errors="0" timestamp="2023-09-20T09:16:38 IST">
  <testcase classname="testclass1.VerificationOfActitime" name="@BeforeTest launchBrowser" time="-1.695181598197E9">
    <failure type="org.testng.TestNGException" message="
Parameter &amp;apos;browserName&amp;apos; is required by BeforeTest on method launchBrowser but has not been marked @Optional or defined
in C:\Users\Abhishek\AppData\Local\Temp\testng-eclipse--1113023691\testng-customsuite.xml">
      <![CDATA[org.testng.TestNGException: 
Parameter 'browserName' is required by BeforeTest on method launchBrowser but has not been marked @Optional or defined
in C:\Users\Abhishek\AppData\Local\Temp\testng-eclipse--1113023691\testng-customsuite.xml
at org.testng.internal.Parameters.createParams(Parameters.java:270)
at org.testng.internal.Parameters.createParametersForMethod(Parameters.java:358)
at org.testng.internal.Parameters.createParameters(Parameters.java:700)
at org.testng.internal.Parameters.createConfigurationParameters(Parameters.java:168)
at org.testng.internal.ConfigInvoker.invokeConfigurations(ConfigInvoker.java:302)
at org.testng.TestRunner.invokeTestConfigurations(TestRunner.java:637)
at org.testng.TestRunner.beforeRun(TestRunner.java:627)
at org.testng.TestRunner.run(TestRunner.java:589)
at org.testng.SuiteRunner.runTest(SuiteRunner.java:377)
at org.testng.SuiteRunner.runSequentially(SuiteRunner.java:371)
at org.testng.SuiteRunner.privateRun(SuiteRunner.java:332)
at org.testng.SuiteRunner.run(SuiteRunner.java:276)
at org.testng.SuiteRunnerWorker.runSuite(SuiteRunnerWorker.java:53)
at org.testng.SuiteRunnerWorker.run(SuiteRunnerWorker.java:96)
at org.testng.TestNG.runSuitesSequentially(TestNG.java:1212)
at org.testng.TestNG.runSuitesLocally(TestNG.java:1134)
at org.testng.TestNG.runSuites(TestNG.java:1063)
at org.testng.TestNG.run(TestNG.java:1031)
at org.testng.remote.AbstractRemoteTestNG.run(AbstractRemoteTestNG.java:115)
at org.testng.remote.RemoteTestNG.initAndRun(RemoteTestNG.java:251)
at org.testng.remote.RemoteTestNG.main(RemoteTestNG.java:77)
]]>
    </failure>
  </testcase> <!-- @BeforeTest launchBrowser -->
  <testcase classname="testclass1.VerificationOfActitime" name="@BeforeClass createPOMObjects" time="-1.695181598228E9">
    <skipped/>
  </testcase> <!-- @BeforeClass createPOMObjects -->
  <testcase classname="testclass1.VerificationOfActitime" name="@BeforeMethod LoginToApplication" time="-1.695181598239E9">
    <skipped/>
  </testcase> <!-- @BeforeMethod LoginToApplication -->
  <testcase classname="testclass1.VerificationOfActitime" name="@AfterMethod LogoutFromApplication" time="-1.695181598245E9">
    <skipped/>
  </testcase> <!-- @AfterMethod LogoutFromApplication -->
  <testcase classname="testclass1.VerificationOfActitime" name="@AfterClass clearObject" time="-1.695181598247E9">
    <skipped/>
  </testcase> <!-- @AfterClass clearObject -->
  <testcase classname="testclass1.VerificationOfActitime" name="@AfterTest ClosedBrowser" time="-1.695181598249E9">
    <skipped/>
  </testcase> <!-- @AfterTest ClosedBrowser -->
  <testcase classname="testclass1.VerificationOfActitime" name="ToverifyOpenTask" time="0.0">
    <skipped/>
  </testcase> <!-- ToverifyOpenTask -->
  <testcase classname="testclass1.VerificationOfActitime" name="ToVerifyOpenReports" time="0.0">
    <ignored/>
  </testcase> <!-- ToVerifyOpenReports -->
  <testcase classname="testclass1.VerificationOfActitime" name="ToVerifyUser" time="0.0">
    <ignored/>
  </testcase> <!-- ToVerifyUser -->
</testsuite> <!-- Default test -->
